2025-05-23 13:38:23,865 DEBUG    root            Loaded Command Group: ['gcloud', 'components']
2025-05-23 13:38:23,868 DEBUG    root            Loaded Command Group: ['gcloud', 'components', 'update']
2025-05-23 13:38:23,870 DEBUG    root            Running [gcloud.components.update] with arguments: [--compile-python: "True", --quiet: "True", COMPONENT-IDS:6: "['core', 'gcloud-deps', 'bq', 'gcloud', 'gcloud-crc32c', 'gsutil']"]
2025-05-23 13:38:23,871 INFO     ___FILE_ONLY___ Beginning update. This process may take several minutes.

2025-05-23 13:38:23,914 DEBUG    urllib3.connectionpool Starting new HTTPS connection (1): dl.google.com:443
2025-05-23 13:38:23,928 DEBUG    urllib3.connectionpool https://dl.google.com:443 "GET /dl/cloudsdk/channels/rapid/components-2.json HTTP/11" 200 233994
2025-05-23 13:38:23,939 INFO     ___FILE_ONLY___ 

2025-05-23 13:38:23,939 INFO     ___FILE_ONLY___ 
Your current Google Cloud CLI version is: 523.0.1

2025-05-23 13:38:23,939 INFO     ___FILE_ONLY___ Installing components from version: 523.0.1

2025-05-23 13:38:23,939 INFO     ___FILE_ONLY___ 

2025-05-23 13:38:23,940 DEBUG    root            Chosen display Format:table[box,title="These components will be removed."](details.display_name:label=Name:align=left,version.version_string:label=Version:align=right,data.size.size(zero="",min=1048576):label=Size:align=right)
2025-05-23 13:38:23,940 DEBUG    root            Chosen display Format:table[box,title="These components will be updated."](details.display_name:label=Name:align=left,version.version_string:label=Version:align=right,data.size.size(zero="",min=1048576):label=Size:align=right)
2025-05-23 13:38:23,941 DEBUG    root            Chosen display Format:table[box,title="These components will be installed."](details.display_name:label=Name:align=left,version.version_string:label=Version:align=right,data.size.size(zero="",min=1048576):label=Size:align=right)
2025-05-23 13:38:23,979 INFO     ___FILE_ONLY___ ┌─────────────────────────────────────────────────────────────────────────────┐
2025-05-23 13:38:23,979 INFO     ___FILE_ONLY___ 

2025-05-23 13:38:23,979 INFO     ___FILE_ONLY___ │                     These components will be installed.                     │
2025-05-23 13:38:23,979 INFO     ___FILE_ONLY___ 

2025-05-23 13:38:23,979 INFO     ___FILE_ONLY___ ├─────────────────────────────────────────────────────┬────────────┬──────────┤
2025-05-23 13:38:23,979 INFO     ___FILE_ONLY___ 

2025-05-23 13:38:23,979 INFO     ___FILE_ONLY___ │                         Name                        │  Version   │   Size   │
2025-05-23 13:38:23,980 INFO     ___FILE_ONLY___ 

2025-05-23 13:38:23,980 INFO     ___FILE_ONLY___ ├─────────────────────────────────────────────────────┼────────────┼──────────┤
2025-05-23 13:38:23,980 INFO     ___FILE_ONLY___ 

2025-05-23 13:38:23,980 INFO     ___FILE_ONLY___ │ 
2025-05-23 13:38:23,980 INFO     ___FILE_ONLY___ BigQuery Command Line Tool                         
2025-05-23 13:38:23,980 INFO     ___FILE_ONLY___  
2025-05-23 13:38:23,980 INFO     ___FILE_ONLY___ │ 
2025-05-23 13:38:23,980 INFO     ___FILE_ONLY___     2.1.17
2025-05-23 13:38:23,980 INFO     ___FILE_ONLY___  
2025-05-23 13:38:23,980 INFO     ___FILE_ONLY___ │ 
2025-05-23 13:38:23,980 INFO     ___FILE_ONLY___  1.8 MiB
2025-05-23 13:38:23,980 INFO     ___FILE_ONLY___  
2025-05-23 13:38:23,980 INFO     ___FILE_ONLY___ │
2025-05-23 13:38:23,980 INFO     ___FILE_ONLY___ 

2025-05-23 13:38:23,980 INFO     ___FILE_ONLY___ │ 
2025-05-23 13:38:23,980 INFO     ___FILE_ONLY___ BigQuery Command Line Tool (Platform Specific)     
2025-05-23 13:38:23,980 INFO     ___FILE_ONLY___  
2025-05-23 13:38:23,980 INFO     ___FILE_ONLY___ │ 
2025-05-23 13:38:23,981 INFO     ___FILE_ONLY___     2.1.16
2025-05-23 13:38:23,981 INFO     ___FILE_ONLY___  
2025-05-23 13:38:23,981 INFO     ___FILE_ONLY___ │ 
2025-05-23 13:38:23,981 INFO     ___FILE_ONLY___  < 1 MiB
2025-05-23 13:38:23,981 INFO     ___FILE_ONLY___  
2025-05-23 13:38:23,981 INFO     ___FILE_ONLY___ │
2025-05-23 13:38:23,981 INFO     ___FILE_ONLY___ 

2025-05-23 13:38:23,981 INFO     ___FILE_ONLY___ │ 
2025-05-23 13:38:23,981 INFO     ___FILE_ONLY___ Bundled Python 3.12 (Platform Specific)            
2025-05-23 13:38:23,981 INFO     ___FILE_ONLY___  
2025-05-23 13:38:23,981 INFO     ___FILE_ONLY___ │ 
2025-05-23 13:38:23,981 INFO     ___FILE_ONLY___     3.12.9
2025-05-23 13:38:23,981 INFO     ___FILE_ONLY___  
2025-05-23 13:38:23,981 INFO     ___FILE_ONLY___ │ 
2025-05-23 13:38:23,981 INFO     ___FILE_ONLY___ 89.3 MiB
2025-05-23 13:38:23,981 INFO     ___FILE_ONLY___  
2025-05-23 13:38:23,981 INFO     ___FILE_ONLY___ │
2025-05-23 13:38:23,981 INFO     ___FILE_ONLY___ 

2025-05-23 13:38:23,982 INFO     ___FILE_ONLY___ │ 
2025-05-23 13:38:23,982 INFO     ___FILE_ONLY___ Cloud Storage Command Line Tool                    
2025-05-23 13:38:23,982 INFO     ___FILE_ONLY___  
2025-05-23 13:38:23,982 INFO     ___FILE_ONLY___ │ 
2025-05-23 13:38:23,982 INFO     ___FILE_ONLY___       5.34
2025-05-23 13:38:23,982 INFO     ___FILE_ONLY___  
2025-05-23 13:38:23,982 INFO     ___FILE_ONLY___ │ 
2025-05-23 13:38:23,982 INFO     ___FILE_ONLY___ 11.8 MiB
2025-05-23 13:38:23,982 INFO     ___FILE_ONLY___  
2025-05-23 13:38:23,982 INFO     ___FILE_ONLY___ │
2025-05-23 13:38:23,982 INFO     ___FILE_ONLY___ 

2025-05-23 13:38:23,982 INFO     ___FILE_ONLY___ │ 
2025-05-23 13:38:23,982 INFO     ___FILE_ONLY___ Cloud Storage Command Line Tool (Platform Specific)
2025-05-23 13:38:23,982 INFO     ___FILE_ONLY___  
2025-05-23 13:38:23,982 INFO     ___FILE_ONLY___ │ 
2025-05-23 13:38:23,982 INFO     ___FILE_ONLY___       5.34
2025-05-23 13:38:23,982 INFO     ___FILE_ONLY___  
2025-05-23 13:38:23,982 INFO     ___FILE_ONLY___ │ 
2025-05-23 13:38:23,982 INFO     ___FILE_ONLY___  < 1 MiB
2025-05-23 13:38:23,983 INFO     ___FILE_ONLY___  
2025-05-23 13:38:23,983 INFO     ___FILE_ONLY___ │
2025-05-23 13:38:23,983 INFO     ___FILE_ONLY___ 

2025-05-23 13:38:23,983 INFO     ___FILE_ONLY___ │ 
2025-05-23 13:38:23,983 INFO     ___FILE_ONLY___ Google Cloud CLI Core Libraries (Platform Specific)
2025-05-23 13:38:23,983 INFO     ___FILE_ONLY___  
2025-05-23 13:38:23,983 INFO     ___FILE_ONLY___ │ 
2025-05-23 13:38:23,983 INFO     ___FILE_ONLY___ 2025.05.02
2025-05-23 13:38:23,983 INFO     ___FILE_ONLY___  
2025-05-23 13:38:23,983 INFO     ___FILE_ONLY___ │ 
2025-05-23 13:38:23,983 INFO     ___FILE_ONLY___  < 1 MiB
2025-05-23 13:38:23,983 INFO     ___FILE_ONLY___  
2025-05-23 13:38:23,983 INFO     ___FILE_ONLY___ │
2025-05-23 13:38:23,983 INFO     ___FILE_ONLY___ 

2025-05-23 13:38:23,983 INFO     ___FILE_ONLY___ │ 
2025-05-23 13:38:23,983 INFO     ___FILE_ONLY___ Google Cloud CRC32C Hash Tool (Platform Specific)  
2025-05-23 13:38:23,984 INFO     ___FILE_ONLY___  
2025-05-23 13:38:23,984 INFO     ___FILE_ONLY___ │ 
2025-05-23 13:38:23,984 INFO     ___FILE_ONLY___      1.0.0
2025-05-23 13:38:23,984 INFO     ___FILE_ONLY___  
2025-05-23 13:38:23,984 INFO     ___FILE_ONLY___ │ 
2025-05-23 13:38:23,984 INFO     ___FILE_ONLY___  1.4 MiB
2025-05-23 13:38:23,984 INFO     ___FILE_ONLY___  
2025-05-23 13:38:23,984 INFO     ___FILE_ONLY___ │
2025-05-23 13:38:23,984 INFO     ___FILE_ONLY___ 

2025-05-23 13:38:23,984 INFO     ___FILE_ONLY___ │ 
2025-05-23 13:38:23,984 INFO     ___FILE_ONLY___ gcloud cli dependencies (Platform Specific)        
2025-05-23 13:38:23,984 INFO     ___FILE_ONLY___  
2025-05-23 13:38:23,985 INFO     ___FILE_ONLY___ │ 
2025-05-23 13:38:23,985 INFO     ___FILE_ONLY___ 2021.04.16
2025-05-23 13:38:23,985 INFO     ___FILE_ONLY___  
2025-05-23 13:38:23,985 INFO     ___FILE_ONLY___ │ 
2025-05-23 13:38:23,985 INFO     ___FILE_ONLY___  < 1 MiB
2025-05-23 13:38:23,985 INFO     ___FILE_ONLY___  
2025-05-23 13:38:23,985 INFO     ___FILE_ONLY___ │
2025-05-23 13:38:23,985 INFO     ___FILE_ONLY___ 

2025-05-23 13:38:23,985 INFO     ___FILE_ONLY___ └─────────────────────────────────────────────────────┴────────────┴──────────┘
2025-05-23 13:38:23,985 INFO     ___FILE_ONLY___ 

2025-05-23 13:38:23,986 INFO     ___FILE_ONLY___ 

2025-05-23 13:38:23,989 DEBUG    urllib3.connectionpool Starting new HTTPS connection (1): dl.google.com:443
2025-05-23 13:38:24,004 DEBUG    urllib3.connectionpool https://dl.google.com:443 "GET /dl/cloudsdk/channels/rapid/RELEASE_NOTES HTTP/11" 200 1422252
2025-05-23 13:38:24,485 INFO     ___FILE_ONLY___ For the latest full release notes, please visit:
  https://cloud.google.com/sdk/release_notes


2025-05-23 13:38:24,486 INFO     ___FILE_ONLY___ Performing in place update...


2025-05-23 13:38:24,488 INFO     ___FILE_ONLY___ ╔════════════════════════════════════════════════════════════╗

2025-05-23 13:38:24,488 INFO     ___FILE_ONLY___ ╠═ Downloading: BigQuery Command Line Tool                  ═╣

2025-05-23 13:38:24,488 INFO     ___FILE_ONLY___ ╚
2025-05-23 13:38:24,492 DEBUG    urllib3.connectionpool Starting new HTTPS connection (1): dl.google.com:443
2025-05-23 13:38:24,505 DEBUG    urllib3.connectionpool https://dl.google.com:443 "GET /dl/cloudsdk/channels/rapid/components/google-cloud-sdk-bq-20250516153006.tar.gz HTTP/11" 200 1846801
2025-05-23 13:38:24,518 INFO     ___FILE_ONLY___ ═
2025-05-23 13:38:24,518 INFO     ___FILE_ONLY___ ═
2025-05-23 13:38:24,518 INFO     ___FILE_ONLY___ ═
2025-05-23 13:38:24,518 INFO     ___FILE_ONLY___ ═
2025-05-23 13:38:24,519 INFO     ___FILE_ONLY___ ═
2025-05-23 13:38:24,519 INFO     ___FILE_ONLY___ ═
2025-05-23 13:38:24,519 INFO     ___FILE_ONLY___ ═
2025-05-23 13:38:24,519 INFO     ___FILE_ONLY___ ═
2025-05-23 13:38:24,519 INFO     ___FILE_ONLY___ ═
2025-05-23 13:38:24,519 INFO     ___FILE_ONLY___ ═
2025-05-23 13:38:24,519 INFO     ___FILE_ONLY___ ═
2025-05-23 13:38:24,519 INFO     ___FILE_ONLY___ ═
2025-05-23 13:38:24,520 INFO     ___FILE_ONLY___ ═
2025-05-23 13:38:24,520 INFO     ___FILE_ONLY___ ═
2025-05-23 13:38:24,520 INFO     ___FILE_ONLY___ ═
2025-05-23 13:38:24,520 INFO     ___FILE_ONLY___ ═
2025-05-23 13:38:24,520 INFO     ___FILE_ONLY___ ═
2025-05-23 13:38:24,520 INFO     ___FILE_ONLY___ ═
2025-05-23 13:38:24,520 INFO     ___FILE_ONLY___ ═
2025-05-23 13:38:24,521 INFO     ___FILE_ONLY___ ═
2025-05-23 13:38:24,521 INFO     ___FILE_ONLY___ ═
2025-05-23 13:38:24,521 INFO     ___FILE_ONLY___ ═
2025-05-23 13:38:24,521 INFO     ___FILE_ONLY___ ═
2025-05-23 13:38:24,521 INFO     ___FILE_ONLY___ ═
2025-05-23 13:38:24,521 INFO     ___FILE_ONLY___ ═
2025-05-23 13:38:24,521 INFO     ___FILE_ONLY___ ═
2025-05-23 13:38:24,522 INFO     ___FILE_ONLY___ ═
2025-05-23 13:38:24,522 INFO     ___FILE_ONLY___ ═
2025-05-23 13:38:24,522 INFO     ___FILE_ONLY___ ═
2025-05-23 13:38:24,522 INFO     ___FILE_ONLY___ ═
2025-05-23 13:38:24,522 INFO     ___FILE_ONLY___ ═
2025-05-23 13:38:24,522 INFO     ___FILE_ONLY___ ═
2025-05-23 13:38:24,522 INFO     ___FILE_ONLY___ ═
2025-05-23 13:38:24,522 INFO     ___FILE_ONLY___ ═
2025-05-23 13:38:24,523 INFO     ___FILE_ONLY___ ═
2025-05-23 13:38:24,523 INFO     ___FILE_ONLY___ ═
2025-05-23 13:38:24,523 INFO     ___FILE_ONLY___ ═
2025-05-23 13:38:24,523 INFO     ___FILE_ONLY___ ═
2025-05-23 13:38:24,523 INFO     ___FILE_ONLY___ ═
2025-05-23 13:38:24,523 INFO     ___FILE_ONLY___ ═
2025-05-23 13:38:24,524 INFO     ___FILE_ONLY___ ═
2025-05-23 13:38:24,524 INFO     ___FILE_ONLY___ ═
2025-05-23 13:38:24,524 INFO     ___FILE_ONLY___ ═
2025-05-23 13:38:24,524 INFO     ___FILE_ONLY___ ═
2025-05-23 13:38:24,524 INFO     ___FILE_ONLY___ ═
2025-05-23 13:38:24,524 INFO     ___FILE_ONLY___ ═
2025-05-23 13:38:24,524 INFO     ___FILE_ONLY___ ═
2025-05-23 13:38:24,524 INFO     ___FILE_ONLY___ ═
2025-05-23 13:38:24,525 INFO     ___FILE_ONLY___ ═
2025-05-23 13:38:24,525 INFO     ___FILE_ONLY___ ═
2025-05-23 13:38:24,525 INFO     ___FILE_ONLY___ ═
2025-05-23 13:38:24,525 INFO     ___FILE_ONLY___ ═
2025-05-23 13:38:24,525 INFO     ___FILE_ONLY___ ═
2025-05-23 13:38:24,525 INFO     ___FILE_ONLY___ ═
2025-05-23 13:38:24,526 INFO     ___FILE_ONLY___ ═
2025-05-23 13:38:24,526 INFO     ___FILE_ONLY___ ═
2025-05-23 13:38:24,526 INFO     ___FILE_ONLY___ ═
2025-05-23 13:38:24,526 INFO     ___FILE_ONLY___ ═
2025-05-23 13:38:24,526 INFO     ___FILE_ONLY___ ═
2025-05-23 13:38:24,526 INFO     ___FILE_ONLY___ ═
2025-05-23 13:38:24,526 INFO     ___FILE_ONLY___ ╝

2025-05-23 13:38:24,529 INFO     ___FILE_ONLY___ ╔════════════════════════════════════════════════════════════╗

2025-05-23 13:38:24,529 INFO     ___FILE_ONLY___ ╠═ Downloading: BigQuery Command Line Tool (Platform Spe... ═╣

2025-05-23 13:38:24,529 INFO     ___FILE_ONLY___ ╚
2025-05-23 13:38:24,534 DEBUG    urllib3.connectionpool Starting new HTTPS connection (1): dl.google.com:443
2025-05-23 13:38:24,543 DEBUG    urllib3.connectionpool https://dl.google.com:443 "GET /dl/cloudsdk/channels/rapid/components/google-cloud-sdk-bq-nix-20250502143716.tar.gz HTTP/11" 200 1912
2025-05-23 13:38:24,544 INFO     ___FILE_ONLY___ ════════════════════════════════════════════════════════════
2025-05-23 13:38:24,544 INFO     ___FILE_ONLY___ ╝

2025-05-23 13:38:24,546 INFO     ___FILE_ONLY___ ╔════════════════════════════════════════════════════════════╗

2025-05-23 13:38:24,546 INFO     ___FILE_ONLY___ ╠═ Downloading: Bundled Python 3.12                         ═╣

2025-05-23 13:38:24,546 INFO     ___FILE_ONLY___ ╚
2025-05-23 13:38:24,546 INFO     ___FILE_ONLY___ ════════════════════════════════════════════════════════════
2025-05-23 13:38:24,546 INFO     ___FILE_ONLY___ ╝

2025-05-23 13:38:24,548 INFO     ___FILE_ONLY___ ╔════════════════════════════════════════════════════════════╗

2025-05-23 13:38:24,548 INFO     ___FILE_ONLY___ ╠═ Downloading: Bundled Python 3.12 (Platform Specific)     ═╣

2025-05-23 13:38:24,548 INFO     ___FILE_ONLY___ ╚
2025-05-23 13:38:24,551 DEBUG    urllib3.connectionpool Starting new HTTPS connection (1): dl.google.com:443
2025-05-23 13:38:24,569 DEBUG    urllib3.connectionpool https://dl.google.com:443 "GET /dl/cloudsdk/channels/rapid/components/google-cloud-sdk-bundled-python3-unix-linux-x86_64-20250502143716.tar.gz HTTP/11" 200 93610468
2025-05-23 13:38:24,902 INFO     ___FILE_ONLY___ ═
2025-05-23 13:38:24,904 INFO     ___FILE_ONLY___ ═
2025-05-23 13:38:24,908 INFO     ___FILE_ONLY___ ═
2025-05-23 13:38:24,911 INFO     ___FILE_ONLY___ ═
2025-05-23 13:38:24,913 INFO     ___FILE_ONLY___ ═
2025-05-23 13:38:24,915 INFO     ___FILE_ONLY___ ═
2025-05-23 13:38:24,917 INFO     ___FILE_ONLY___ ═
2025-05-23 13:38:24,919 INFO     ___FILE_ONLY___ ═
2025-05-23 13:38:24,921 INFO     ___FILE_ONLY___ ═
2025-05-23 13:38:24,923 INFO     ___FILE_ONLY___ ═
2025-05-23 13:38:24,925 INFO     ___FILE_ONLY___ ═
2025-05-23 13:38:24,927 INFO     ___FILE_ONLY___ ═
2025-05-23 13:38:24,929 INFO     ___FILE_ONLY___ ═
2025-05-23 13:38:24,931 INFO     ___FILE_ONLY___ ═
2025-05-23 13:38:24,933 INFO     ___FILE_ONLY___ ═
2025-05-23 13:38:24,935 INFO     ___FILE_ONLY___ ═
2025-05-23 13:38:24,937 INFO     ___FILE_ONLY___ ═
2025-05-23 13:38:24,939 INFO     ___FILE_ONLY___ ═
2025-05-23 13:38:24,941 INFO     ___FILE_ONLY___ ═
2025-05-23 13:38:24,943 INFO     ___FILE_ONLY___ ═
2025-05-23 13:38:24,945 INFO     ___FILE_ONLY___ ═
2025-05-23 13:38:24,947 INFO     ___FILE_ONLY___ ═
2025-05-23 13:38:24,949 INFO     ___FILE_ONLY___ ═
2025-05-23 13:38:24,951 INFO     ___FILE_ONLY___ ═
2025-05-23 13:38:24,953 INFO     ___FILE_ONLY___ ═
2025-05-23 13:38:24,955 INFO     ___FILE_ONLY___ ═
2025-05-23 13:38:24,957 INFO     ___FILE_ONLY___ ═
2025-05-23 13:38:24,960 INFO     ___FILE_ONLY___ ═
2025-05-23 13:38:24,962 INFO     ___FILE_ONLY___ ═
2025-05-23 13:38:24,964 INFO     ___FILE_ONLY___ ═
2025-05-23 13:38:24,966 INFO     ___FILE_ONLY___ ═
2025-05-23 13:38:24,968 INFO     ___FILE_ONLY___ ═
2025-05-23 13:38:24,970 INFO     ___FILE_ONLY___ ═
2025-05-23 13:38:24,972 INFO     ___FILE_ONLY___ ═
2025-05-23 13:38:24,974 INFO     ___FILE_ONLY___ ═
2025-05-23 13:38:24,976 INFO     ___FILE_ONLY___ ═
2025-05-23 13:38:24,978 INFO     ___FILE_ONLY___ ═
2025-05-23 13:38:24,980 INFO     ___FILE_ONLY___ ═
2025-05-23 13:38:24,982 INFO     ___FILE_ONLY___ ═
2025-05-23 13:38:24,984 INFO     ___FILE_ONLY___ ═
2025-05-23 13:38:24,986 INFO     ___FILE_ONLY___ ═
2025-05-23 13:38:24,988 INFO     ___FILE_ONLY___ ═
2025-05-23 13:38:24,990 INFO     ___FILE_ONLY___ ═
2025-05-23 13:38:24,992 INFO     ___FILE_ONLY___ ═
2025-05-23 13:38:24,994 INFO     ___FILE_ONLY___ ═
2025-05-23 13:38:24,996 INFO     ___FILE_ONLY___ ═
2025-05-23 13:38:24,998 INFO     ___FILE_ONLY___ ═
2025-05-23 13:38:25,000 INFO     ___FILE_ONLY___ ═
2025-05-23 13:38:25,002 INFO     ___FILE_ONLY___ ═
2025-05-23 13:38:25,004 INFO     ___FILE_ONLY___ ═
2025-05-23 13:38:25,006 INFO     ___FILE_ONLY___ ═
2025-05-23 13:38:25,008 INFO     ___FILE_ONLY___ ═
2025-05-23 13:38:25,010 INFO     ___FILE_ONLY___ ═
2025-05-23 13:38:25,012 INFO     ___FILE_ONLY___ ═
2025-05-23 13:38:25,014 INFO     ___FILE_ONLY___ ═
2025-05-23 13:38:25,016 INFO     ___FILE_ONLY___ ═
2025-05-23 13:38:25,018 INFO     ___FILE_ONLY___ ═
2025-05-23 13:38:25,020 INFO     ___FILE_ONLY___ ═
2025-05-23 13:38:25,022 INFO     ___FILE_ONLY___ ═
2025-05-23 13:38:25,024 INFO     ___FILE_ONLY___ ═
2025-05-23 13:38:25,024 INFO     ___FILE_ONLY___ ╝

2025-05-23 13:38:25,027 INFO     ___FILE_ONLY___ ╔════════════════════════════════════════════════════════════╗

2025-05-23 13:38:25,027 INFO     ___FILE_ONLY___ ╠═ Downloading: Cloud Storage Command Line Tool             ═╣

2025-05-23 13:38:25,027 INFO     ___FILE_ONLY___ ╚
2025-05-23 13:38:25,030 DEBUG    urllib3.connectionpool Starting new HTTPS connection (1): dl.google.com:443
2025-05-23 13:38:25,045 DEBUG    urllib3.connectionpool https://dl.google.com:443 "GET /dl/cloudsdk/channels/rapid/components/google-cloud-sdk-gsutil-20250418150427.tar.gz HTTP/11" 200 12382702
2025-05-23 13:38:25,090 INFO     ___FILE_ONLY___ ═
2025-05-23 13:38:25,091 INFO     ___FILE_ONLY___ ═
2025-05-23 13:38:25,091 INFO     ___FILE_ONLY___ ═
2025-05-23 13:38:25,091 INFO     ___FILE_ONLY___ ═
2025-05-23 13:38:25,092 INFO     ___FILE_ONLY___ ═
2025-05-23 13:38:25,092 INFO     ___FILE_ONLY___ ═
2025-05-23 13:38:25,092 INFO     ___FILE_ONLY___ ═
2025-05-23 13:38:25,093 INFO     ___FILE_ONLY___ ═
2025-05-23 13:38:25,093 INFO     ___FILE_ONLY___ ═
2025-05-23 13:38:25,093 INFO     ___FILE_ONLY___ ═
2025-05-23 13:38:25,094 INFO     ___FILE_ONLY___ ═
2025-05-23 13:38:25,094 INFO     ___FILE_ONLY___ ═
2025-05-23 13:38:25,094 INFO     ___FILE_ONLY___ ═
2025-05-23 13:38:25,095 INFO     ___FILE_ONLY___ ═
2025-05-23 13:38:25,095 INFO     ___FILE_ONLY___ ═
2025-05-23 13:38:25,095 INFO     ___FILE_ONLY___ ═
2025-05-23 13:38:25,096 INFO     ___FILE_ONLY___ ═
2025-05-23 13:38:25,096 INFO     ___FILE_ONLY___ ═
2025-05-23 13:38:25,096 INFO     ___FILE_ONLY___ ═
2025-05-23 13:38:25,097 INFO     ___FILE_ONLY___ ═
2025-05-23 13:38:25,097 INFO     ___FILE_ONLY___ ═
2025-05-23 13:38:25,097 INFO     ___FILE_ONLY___ ═
2025-05-23 13:38:25,098 INFO     ___FILE_ONLY___ ═
2025-05-23 13:38:25,098 INFO     ___FILE_ONLY___ ═
2025-05-23 13:38:25,098 INFO     ___FILE_ONLY___ ═
2025-05-23 13:38:25,099 INFO     ___FILE_ONLY___ ═
2025-05-23 13:38:25,099 INFO     ___FILE_ONLY___ ═
2025-05-23 13:38:25,099 INFO     ___FILE_ONLY___ ═
2025-05-23 13:38:25,099 INFO     ___FILE_ONLY___ ═
2025-05-23 13:38:25,100 INFO     ___FILE_ONLY___ ═
2025-05-23 13:38:25,100 INFO     ___FILE_ONLY___ ═
2025-05-23 13:38:25,100 INFO     ___FILE_ONLY___ ═
2025-05-23 13:38:25,101 INFO     ___FILE_ONLY___ ═
2025-05-23 13:38:25,101 INFO     ___FILE_ONLY___ ═
2025-05-23 13:38:25,101 INFO     ___FILE_ONLY___ ═
2025-05-23 13:38:25,102 INFO     ___FILE_ONLY___ ═
2025-05-23 13:38:25,102 INFO     ___FILE_ONLY___ ═
2025-05-23 13:38:25,102 INFO     ___FILE_ONLY___ ═
2025-05-23 13:38:25,103 INFO     ___FILE_ONLY___ ═
2025-05-23 13:38:25,103 INFO     ___FILE_ONLY___ ═
2025-05-23 13:38:25,103 INFO     ___FILE_ONLY___ ═
2025-05-23 13:38:25,104 INFO     ___FILE_ONLY___ ═
2025-05-23 13:38:25,104 INFO     ___FILE_ONLY___ ═
2025-05-23 13:38:25,104 INFO     ___FILE_ONLY___ ═
2025-05-23 13:38:25,105 INFO     ___FILE_ONLY___ ═
2025-05-23 13:38:25,105 INFO     ___FILE_ONLY___ ═
2025-05-23 13:38:25,105 INFO     ___FILE_ONLY___ ═
2025-05-23 13:38:25,106 INFO     ___FILE_ONLY___ ═
2025-05-23 13:38:25,106 INFO     ___FILE_ONLY___ ═
2025-05-23 13:38:25,106 INFO     ___FILE_ONLY___ ═
2025-05-23 13:38:25,106 INFO     ___FILE_ONLY___ ═
2025-05-23 13:38:25,107 INFO     ___FILE_ONLY___ ═
2025-05-23 13:38:25,107 INFO     ___FILE_ONLY___ ═
2025-05-23 13:38:25,107 INFO     ___FILE_ONLY___ ═
2025-05-23 13:38:25,108 INFO     ___FILE_ONLY___ ═
2025-05-23 13:38:25,108 INFO     ___FILE_ONLY___ ═
2025-05-23 13:38:25,108 INFO     ___FILE_ONLY___ ═
2025-05-23 13:38:25,109 INFO     ___FILE_ONLY___ ═
2025-05-23 13:38:25,109 INFO     ___FILE_ONLY___ ═
2025-05-23 13:38:25,109 INFO     ___FILE_ONLY___ ═
2025-05-23 13:38:25,109 INFO     ___FILE_ONLY___ ╝

2025-05-23 13:38:25,112 INFO     ___FILE_ONLY___ ╔════════════════════════════════════════════════════════════╗

2025-05-23 13:38:25,112 INFO     ___FILE_ONLY___ ╠═ Downloading: Cloud Storage Command Line Tool (Platfor... ═╣

2025-05-23 13:38:25,112 INFO     ___FILE_ONLY___ ╚
2025-05-23 13:38:25,115 DEBUG    urllib3.connectionpool Starting new HTTPS connection (1): dl.google.com:443
2025-05-23 13:38:25,125 DEBUG    urllib3.connectionpool https://dl.google.com:443 "GET /dl/cloudsdk/channels/rapid/components/google-cloud-sdk-gsutil-nix-20250502143716.tar.gz HTTP/11" 200 1930
2025-05-23 13:38:25,126 INFO     ___FILE_ONLY___ ════════════════════════════════════════════════════════════
2025-05-23 13:38:25,126 INFO     ___FILE_ONLY___ ╝

2025-05-23 13:38:25,128 INFO     ___FILE_ONLY___ ╔════════════════════════════════════════════════════════════╗

2025-05-23 13:38:25,128 INFO     ___FILE_ONLY___ ╠═ Downloading: Default set of gcloud commands              ═╣

2025-05-23 13:38:25,128 INFO     ___FILE_ONLY___ ╚
2025-05-23 13:38:25,128 INFO     ___FILE_ONLY___ ════════════════════════════════════════════════════════════
2025-05-23 13:38:25,128 INFO     ___FILE_ONLY___ ╝

2025-05-23 13:38:25,130 INFO     ___FILE_ONLY___ ╔════════════════════════════════════════════════════════════╗

2025-05-23 13:38:25,130 INFO     ___FILE_ONLY___ ╠═ Downloading: Google Cloud CLI Core Libraries (Platfor... ═╣

2025-05-23 13:38:25,130 INFO     ___FILE_ONLY___ ╚
2025-05-23 13:38:25,133 DEBUG    urllib3.connectionpool Starting new HTTPS connection (1): dl.google.com:443
2025-05-23 13:38:25,148 DEBUG    urllib3.connectionpool https://dl.google.com:443 "GET /dl/cloudsdk/channels/rapid/components/google-cloud-sdk-core-nix-20250502143716.tar.gz HTTP/11" 200 2309
2025-05-23 13:38:25,149 INFO     ___FILE_ONLY___ ════════════════════════════════════════════════════════════
2025-05-23 13:38:25,149 INFO     ___FILE_ONLY___ ╝

2025-05-23 13:38:25,151 INFO     ___FILE_ONLY___ ╔════════════════════════════════════════════════════════════╗

2025-05-23 13:38:25,151 INFO     ___FILE_ONLY___ ╠═ Downloading: Google Cloud CRC32C Hash Tool               ═╣

2025-05-23 13:38:25,151 INFO     ___FILE_ONLY___ ╚
2025-05-23 13:38:25,151 INFO     ___FILE_ONLY___ ════════════════════════════════════════════════════════════
2025-05-23 13:38:25,151 INFO     ___FILE_ONLY___ ╝

2025-05-23 13:38:25,153 INFO     ___FILE_ONLY___ ╔════════════════════════════════════════════════════════════╗

2025-05-23 13:38:25,153 INFO     ___FILE_ONLY___ ╠═ Downloading: Google Cloud CRC32C Hash Tool (Platform ... ═╣

2025-05-23 13:38:25,153 INFO     ___FILE_ONLY___ ╚
2025-05-23 13:38:25,156 DEBUG    urllib3.connectionpool Starting new HTTPS connection (1): dl.google.com:443
2025-05-23 13:38:25,171 DEBUG    urllib3.connectionpool https://dl.google.com:443 "GET /dl/cloudsdk/channels/rapid/components/google-cloud-sdk-gcloud-crc32c-linux-x86_64-20250110133808.tar.gz HTTP/11" 200 1478989
2025-05-23 13:38:25,182 INFO     ___FILE_ONLY___ ═
2025-05-23 13:38:25,182 INFO     ___FILE_ONLY___ ═
2025-05-23 13:38:25,182 INFO     ___FILE_ONLY___ ═
2025-05-23 13:38:25,182 INFO     ___FILE_ONLY___ ═
2025-05-23 13:38:25,182 INFO     ___FILE_ONLY___ ═
2025-05-23 13:38:25,182 INFO     ___FILE_ONLY___ ═
2025-05-23 13:38:25,182 INFO     ___FILE_ONLY___ ═
2025-05-23 13:38:25,183 INFO     ___FILE_ONLY___ ═
2025-05-23 13:38:25,183 INFO     ___FILE_ONLY___ ═
2025-05-23 13:38:25,183 INFO     ___FILE_ONLY___ ═
2025-05-23 13:38:25,183 INFO     ___FILE_ONLY___ ═
2025-05-23 13:38:25,183 INFO     ___FILE_ONLY___ ═
2025-05-23 13:38:25,183 INFO     ___FILE_ONLY___ ═
2025-05-23 13:38:25,183 INFO     ___FILE_ONLY___ ═
2025-05-23 13:38:25,183 INFO     ___FILE_ONLY___ ═
2025-05-23 13:38:25,183 INFO     ___FILE_ONLY___ ═
2025-05-23 13:38:25,183 INFO     ___FILE_ONLY___ ═
2025-05-23 13:38:25,183 INFO     ___FILE_ONLY___ ═
2025-05-23 13:38:25,184 INFO     ___FILE_ONLY___ ═
2025-05-23 13:38:25,184 INFO     ___FILE_ONLY___ ═
2025-05-23 13:38:25,184 INFO     ___FILE_ONLY___ ═
2025-05-23 13:38:25,184 INFO     ___FILE_ONLY___ ═
2025-05-23 13:38:25,184 INFO     ___FILE_ONLY___ ═
2025-05-23 13:38:25,184 INFO     ___FILE_ONLY___ ═
2025-05-23 13:38:25,184 INFO     ___FILE_ONLY___ ═
2025-05-23 13:38:25,184 INFO     ___FILE_ONLY___ ═
2025-05-23 13:38:25,184 INFO     ___FILE_ONLY___ ═
2025-05-23 13:38:25,184 INFO     ___FILE_ONLY___ ═
2025-05-23 13:38:25,184 INFO     ___FILE_ONLY___ ═
2025-05-23 13:38:25,184 INFO     ___FILE_ONLY___ ═
2025-05-23 13:38:25,185 INFO     ___FILE_ONLY___ ═
2025-05-23 13:38:25,185 INFO     ___FILE_ONLY___ ═
2025-05-23 13:38:25,185 INFO     ___FILE_ONLY___ ═
2025-05-23 13:38:25,185 INFO     ___FILE_ONLY___ ═
2025-05-23 13:38:25,185 INFO     ___FILE_ONLY___ ═
2025-05-23 13:38:25,185 INFO     ___FILE_ONLY___ ═
2025-05-23 13:38:25,185 INFO     ___FILE_ONLY___ ═
2025-05-23 13:38:25,185 INFO     ___FILE_ONLY___ ═
2025-05-23 13:38:25,185 INFO     ___FILE_ONLY___ ═
2025-05-23 13:38:25,185 INFO     ___FILE_ONLY___ ═
2025-05-23 13:38:25,185 INFO     ___FILE_ONLY___ ═
2025-05-23 13:38:25,186 INFO     ___FILE_ONLY___ ═
2025-05-23 13:38:25,186 INFO     ___FILE_ONLY___ ═
2025-05-23 13:38:25,186 INFO     ___FILE_ONLY___ ═
2025-05-23 13:38:25,186 INFO     ___FILE_ONLY___ ═
2025-05-23 13:38:25,186 INFO     ___FILE_ONLY___ ═
2025-05-23 13:38:25,186 INFO     ___FILE_ONLY___ ═
2025-05-23 13:38:25,186 INFO     ___FILE_ONLY___ ═
2025-05-23 13:38:25,186 INFO     ___FILE_ONLY___ ═
2025-05-23 13:38:25,186 INFO     ___FILE_ONLY___ ═
2025-05-23 13:38:25,186 INFO     ___FILE_ONLY___ ═
2025-05-23 13:38:25,186 INFO     ___FILE_ONLY___ ═
2025-05-23 13:38:25,186 INFO     ___FILE_ONLY___ ═
2025-05-23 13:38:25,187 INFO     ___FILE_ONLY___ ═
2025-05-23 13:38:25,187 INFO     ___FILE_ONLY___ ═
2025-05-23 13:38:25,187 INFO     ___FILE_ONLY___ ═
2025-05-23 13:38:25,187 INFO     ___FILE_ONLY___ ═
2025-05-23 13:38:25,187 INFO     ___FILE_ONLY___ ═
2025-05-23 13:38:25,187 INFO     ___FILE_ONLY___ ═
2025-05-23 13:38:25,187 INFO     ___FILE_ONLY___ ═
2025-05-23 13:38:25,187 INFO     ___FILE_ONLY___ ╝

2025-05-23 13:38:25,189 INFO     ___FILE_ONLY___ ╔════════════════════════════════════════════════════════════╗

2025-05-23 13:38:25,189 INFO     ___FILE_ONLY___ ╠═ Downloading: gcloud cli dependencies (Platform Specific) ═╣

2025-05-23 13:38:25,189 INFO     ___FILE_ONLY___ ╚
2025-05-23 13:38:25,192 DEBUG    urllib3.connectionpool Starting new HTTPS connection (1): dl.google.com:443
2025-05-23 13:38:25,205 DEBUG    urllib3.connectionpool https://dl.google.com:443 "GET /dl/cloudsdk/channels/rapid/components/google-cloud-sdk-gcloud-deps-linux-x86_64-20210416153011.tar.gz HTTP/11" 200 104
2025-05-23 13:38:25,205 INFO     ___FILE_ONLY___ ════════════════════════════════════════════════════════════
2025-05-23 13:38:25,205 INFO     ___FILE_ONLY___ ╝

2025-05-23 13:38:25,207 INFO     ___FILE_ONLY___ ╔════════════════════════════════════════════════════════════╗

2025-05-23 13:38:25,207 INFO     ___FILE_ONLY___ ╠═ Installing: BigQuery Command Line Tool                   ═╣

2025-05-23 13:38:25,208 INFO     ___FILE_ONLY___ ╚
2025-05-23 13:38:25,300 INFO     ___FILE_ONLY___ ═
2025-05-23 13:38:25,302 INFO     ___FILE_ONLY___ ═
2025-05-23 13:38:25,305 INFO     ___FILE_ONLY___ ═
2025-05-23 13:38:25,307 INFO     ___FILE_ONLY___ ═
2025-05-23 13:38:25,310 INFO     ___FILE_ONLY___ ═
2025-05-23 13:38:25,312 INFO     ___FILE_ONLY___ ═
2025-05-23 13:38:25,314 INFO     ___FILE_ONLY___ ═
2025-05-23 13:38:25,316 INFO     ___FILE_ONLY___ ═
2025-05-23 13:38:25,318 INFO     ___FILE_ONLY___ ═
2025-05-23 13:38:25,321 INFO     ___FILE_ONLY___ ═
2025-05-23 13:38:25,323 INFO     ___FILE_ONLY___ ═
2025-05-23 13:38:25,325 INFO     ___FILE_ONLY___ ═
2025-05-23 13:38:25,327 INFO     ___FILE_ONLY___ ═
2025-05-23 13:38:25,330 INFO     ___FILE_ONLY___ ═
2025-05-23 13:38:25,332 INFO     ___FILE_ONLY___ ═
2025-05-23 13:38:25,334 INFO     ___FILE_ONLY___ ═
2025-05-23 13:38:25,336 INFO     ___FILE_ONLY___ ═
2025-05-23 13:38:25,338 INFO     ___FILE_ONLY___ ═
2025-05-23 13:38:25,340 INFO     ___FILE_ONLY___ ═
2025-05-23 13:38:25,344 INFO     ___FILE_ONLY___ ═
2025-05-23 13:38:25,346 INFO     ___FILE_ONLY___ ═
2025-05-23 13:38:25,349 INFO     ___FILE_ONLY___ ═
2025-05-23 13:38:25,351 INFO     ___FILE_ONLY___ ═
2025-05-23 13:38:25,353 INFO     ___FILE_ONLY___ ═
2025-05-23 13:38:25,355 INFO     ___FILE_ONLY___ ═
2025-05-23 13:38:25,357 INFO     ___FILE_ONLY___ ═
2025-05-23 13:38:25,359 INFO     ___FILE_ONLY___ ═
2025-05-23 13:38:25,361 INFO     ___FILE_ONLY___ ═
2025-05-23 13:38:25,364 INFO     ___FILE_ONLY___ ═
2025-05-23 13:38:25,368 INFO     ___FILE_ONLY___ ═
2025-05-23 13:38:25,370 INFO     ___FILE_ONLY___ ═
2025-05-23 13:38:25,372 INFO     ___FILE_ONLY___ ═
2025-05-23 13:38:25,374 INFO     ___FILE_ONLY___ ═
2025-05-23 13:38:25,377 INFO     ___FILE_ONLY___ ═
2025-05-23 13:38:25,380 INFO     ___FILE_ONLY___ ═
2025-05-23 13:38:25,387 INFO     ___FILE_ONLY___ ═
2025-05-23 13:38:25,392 INFO     ___FILE_ONLY___ ═
2025-05-23 13:38:25,397 INFO     ___FILE_ONLY___ ═
2025-05-23 13:38:25,399 INFO     ___FILE_ONLY___ ═
2025-05-23 13:38:25,402 INFO     ___FILE_ONLY___ ═
2025-05-23 13:38:25,404 INFO     ___FILE_ONLY___ ═
2025-05-23 13:38:25,406 INFO     ___FILE_ONLY___ ═
2025-05-23 13:38:25,410 INFO     ___FILE_ONLY___ ═
2025-05-23 13:38:25,413 INFO     ___FILE_ONLY___ ═
2025-05-23 13:38:25,415 INFO     ___FILE_ONLY___ ═
2025-05-23 13:38:25,418 INFO     ___FILE_ONLY___ ═
2025-05-23 13:38:25,420 INFO     ___FILE_ONLY___ ═
2025-05-23 13:38:25,422 INFO     ___FILE_ONLY___ ═
2025-05-23 13:38:25,424 INFO     ___FILE_ONLY___ ═
2025-05-23 13:38:25,427 INFO     ___FILE_ONLY___ ═
2025-05-23 13:38:25,429 INFO     ___FILE_ONLY___ ═
2025-05-23 13:38:25,431 INFO     ___FILE_ONLY___ ═
2025-05-23 13:38:25,433 INFO     ___FILE_ONLY___ ═
2025-05-23 13:38:25,436 INFO     ___FILE_ONLY___ ═
2025-05-23 13:38:25,438 INFO     ___FILE_ONLY___ ═
2025-05-23 13:38:25,440 INFO     ___FILE_ONLY___ ═
2025-05-23 13:38:25,442 INFO     ___FILE_ONLY___ ═
2025-05-23 13:38:25,444 INFO     ___FILE_ONLY___ ═
2025-05-23 13:38:25,446 INFO     ___FILE_ONLY___ ═
2025-05-23 13:38:25,448 INFO     ___FILE_ONLY___ ═
2025-05-23 13:38:25,448 INFO     ___FILE_ONLY___ ╝

2025-05-23 13:38:25,456 INFO     ___FILE_ONLY___ ╔════════════════════════════════════════════════════════════╗

2025-05-23 13:38:25,456 INFO     ___FILE_ONLY___ ╠═ Installing: BigQuery Command Line Tool (Platform Spec... ═╣

2025-05-23 13:38:25,457 INFO     ___FILE_ONLY___ ╚
2025-05-23 13:38:25,457 INFO     ___FILE_ONLY___ ════════════════════════════════════════════════════════════
2025-05-23 13:38:25,458 INFO     ___FILE_ONLY___ ╝

2025-05-23 13:38:25,463 INFO     ___FILE_ONLY___ ╔════════════════════════════════════════════════════════════╗

2025-05-23 13:38:25,463 INFO     ___FILE_ONLY___ ╠═ Installing: Bundled Python 3.12                          ═╣

2025-05-23 13:38:25,463 INFO     ___FILE_ONLY___ ╚
2025-05-23 13:38:25,466 INFO     ___FILE_ONLY___ ════════════════════════════════════════════════════════════
2025-05-23 13:38:25,466 INFO     ___FILE_ONLY___ ╝

2025-05-23 13:38:25,468 INFO     ___FILE_ONLY___ ╔════════════════════════════════════════════════════════════╗

2025-05-23 13:38:25,468 INFO     ___FILE_ONLY___ ╠═ Installing: Bundled Python 3.12 (Platform Specific)      ═╣

2025-05-23 13:38:25,468 INFO     ___FILE_ONLY___ ╚
2025-05-23 13:38:27,668 INFO     ___FILE_ONLY___ ═
2025-05-23 13:38:27,680 INFO     ___FILE_ONLY___ ═
2025-05-23 13:38:27,692 INFO     ___FILE_ONLY___ ═
2025-05-23 13:38:27,705 INFO     ___FILE_ONLY___ ═
2025-05-23 13:38:27,718 INFO     ___FILE_ONLY___ ═
2025-05-23 13:38:27,731 INFO     ___FILE_ONLY___ ═
2025-05-23 13:38:27,744 INFO     ___FILE_ONLY___ ═
2025-05-23 13:38:27,757 INFO     ___FILE_ONLY___ ═
2025-05-23 13:38:27,770 INFO     ___FILE_ONLY___ ═
2025-05-23 13:38:27,782 INFO     ___FILE_ONLY___ ═
2025-05-23 13:38:27,795 INFO     ___FILE_ONLY___ ═
2025-05-23 13:38:27,808 INFO     ___FILE_ONLY___ ═
2025-05-23 13:38:27,821 INFO     ___FILE_ONLY___ ═
2025-05-23 13:38:27,834 INFO     ___FILE_ONLY___ ═
2025-05-23 13:38:27,848 INFO     ___FILE_ONLY___ ═
2025-05-23 13:38:27,861 INFO     ___FILE_ONLY___ ═
2025-05-23 13:38:27,873 INFO     ___FILE_ONLY___ ═
2025-05-23 13:38:27,887 INFO     ___FILE_ONLY___ ═
2025-05-23 13:38:27,900 INFO     ___FILE_ONLY___ ═
2025-05-23 13:38:27,913 INFO     ___FILE_ONLY___ ═
2025-05-23 13:38:27,926 INFO     ___FILE_ONLY___ ═
2025-05-23 13:38:27,941 INFO     ___FILE_ONLY___ ═
2025-05-23 13:38:27,954 INFO     ___FILE_ONLY___ ═
2025-05-23 13:38:27,967 INFO     ___FILE_ONLY___ ═
2025-05-23 13:38:27,980 INFO     ___FILE_ONLY___ ═
2025-05-23 13:38:27,993 INFO     ___FILE_ONLY___ ═
2025-05-23 13:38:28,006 INFO     ___FILE_ONLY___ ═
2025-05-23 13:38:28,019 INFO     ___FILE_ONLY___ ═
2025-05-23 13:38:28,032 INFO     ___FILE_ONLY___ ═
2025-05-23 13:38:28,045 INFO     ___FILE_ONLY___ ═
2025-05-23 13:38:28,058 INFO     ___FILE_ONLY___ ═
2025-05-23 13:38:28,071 INFO     ___FILE_ONLY___ ═
2025-05-23 13:38:28,085 INFO     ___FILE_ONLY___ ═
2025-05-23 13:38:28,099 INFO     ___FILE_ONLY___ ═
2025-05-23 13:38:28,116 INFO     ___FILE_ONLY___ ═
2025-05-23 13:38:28,131 INFO     ___FILE_ONLY___ ═
2025-05-23 13:38:29,008 INFO     ___FILE_ONLY___ ═
2025-05-23 13:38:29,032 INFO     ___FILE_ONLY___ ═
2025-05-23 13:38:29,565 INFO     ___FILE_ONLY___ ═
2025-05-23 13:38:29,586 INFO     ___FILE_ONLY___ ═
2025-05-23 13:38:29,612 INFO     ___FILE_ONLY___ ═
2025-05-23 13:38:29,640 INFO     ___FILE_ONLY___ ═
2025-05-23 13:38:29,662 INFO     ___FILE_ONLY___ ═
2025-05-23 13:38:29,693 INFO     ___FILE_ONLY___ ═
2025-05-23 13:38:29,717 INFO     ___FILE_ONLY___ ═
2025-05-23 13:38:29,738 INFO     ___FILE_ONLY___ ═
2025-05-23 13:38:29,756 INFO     ___FILE_ONLY___ ═
2025-05-23 13:38:29,774 INFO     ___FILE_ONLY___ ═
2025-05-23 13:38:29,866 INFO     ___FILE_ONLY___ ═
2025-05-23 13:38:29,886 INFO     ___FILE_ONLY___ ═
2025-05-23 13:38:30,034 INFO     ___FILE_ONLY___ ═
2025-05-23 13:38:30,053 INFO     ___FILE_ONLY___ ═
2025-05-23 13:38:30,072 INFO     ___FILE_ONLY___ ═
2025-05-23 13:38:30,096 INFO     ___FILE_ONLY___ ═
2025-05-23 13:38:30,112 INFO     ___FILE_ONLY___ ═
2025-05-23 13:38:30,141 INFO     ___FILE_ONLY___ ═
2025-05-23 13:38:30,159 INFO     ___FILE_ONLY___ ═
2025-05-23 13:38:30,177 INFO     ___FILE_ONLY___ ═
2025-05-23 13:38:30,207 INFO     ___FILE_ONLY___ ═
2025-05-23 13:38:30,700 INFO     ___FILE_ONLY___ ═
2025-05-23 13:38:30,701 INFO     ___FILE_ONLY___ ╝

2025-05-23 13:38:30,756 INFO     ___FILE_ONLY___ ╔════════════════════════════════════════════════════════════╗

2025-05-23 13:38:30,757 INFO     ___FILE_ONLY___ ╠═ Installing: Cloud Storage Command Line Tool              ═╣

2025-05-23 13:38:30,757 INFO     ___FILE_ONLY___ ╚
2025-05-23 13:38:31,274 INFO     ___FILE_ONLY___ ═
2025-05-23 13:38:31,286 INFO     ___FILE_ONLY___ ═
2025-05-23 13:38:31,297 INFO     ___FILE_ONLY___ ═
2025-05-23 13:38:31,308 INFO     ___FILE_ONLY___ ═
2025-05-23 13:38:31,318 INFO     ___FILE_ONLY___ ═
2025-05-23 13:38:31,354 INFO     ___FILE_ONLY___ ═
2025-05-23 13:38:31,367 INFO     ___FILE_ONLY___ ═
2025-05-23 13:38:31,383 INFO     ___FILE_ONLY___ ═
2025-05-23 13:38:31,395 INFO     ___FILE_ONLY___ ═
2025-05-23 13:38:31,412 INFO     ___FILE_ONLY___ ═
2025-05-23 13:38:31,425 INFO     ___FILE_ONLY___ ═
2025-05-23 13:38:31,436 INFO     ___FILE_ONLY___ ═
2025-05-23 13:38:31,447 INFO     ___FILE_ONLY___ ═
2025-05-23 13:38:31,456 INFO     ___FILE_ONLY___ ═
2025-05-23 13:38:31,468 INFO     ___FILE_ONLY___ ═
2025-05-23 13:38:31,483 INFO     ___FILE_ONLY___ ═
2025-05-23 13:38:31,497 INFO     ___FILE_ONLY___ ═
2025-05-23 13:38:31,507 INFO     ___FILE_ONLY___ ═
2025-05-23 13:38:31,521 INFO     ___FILE_ONLY___ ═
2025-05-23 13:38:31,531 INFO     ___FILE_ONLY___ ═
2025-05-23 13:38:31,544 INFO     ___FILE_ONLY___ ═
2025-05-23 13:38:31,555 INFO     ___FILE_ONLY___ ═
2025-05-23 13:38:31,568 INFO     ___FILE_ONLY___ ═
2025-05-23 13:38:31,579 INFO     ___FILE_ONLY___ ═
2025-05-23 13:38:31,590 INFO     ___FILE_ONLY___ ═
2025-05-23 13:38:31,603 INFO     ___FILE_ONLY___ ═
2025-05-23 13:38:31,617 INFO     ___FILE_ONLY___ ═
2025-05-23 13:38:31,638 INFO     ___FILE_ONLY___ ═
2025-05-23 13:38:31,650 INFO     ___FILE_ONLY___ ═
2025-05-23 13:38:31,660 INFO     ___FILE_ONLY___ ═
2025-05-23 13:38:31,681 INFO     ___FILE_ONLY___ ═
2025-05-23 13:38:31,699 INFO     ___FILE_ONLY___ ═
2025-05-23 13:38:31,717 INFO     ___FILE_ONLY___ ═
2025-05-23 13:38:31,736 INFO     ___FILE_ONLY___ ═
2025-05-23 13:38:31,754 INFO     ___FILE_ONLY___ ═
2025-05-23 13:38:31,768 INFO     ___FILE_ONLY___ ═
2025-05-23 13:38:31,779 INFO     ___FILE_ONLY___ ═
2025-05-23 13:38:31,794 INFO     ___FILE_ONLY___ ═
2025-05-23 13:38:31,810 INFO     ___FILE_ONLY___ ═
2025-05-23 13:38:31,825 INFO     ___FILE_ONLY___ ═
2025-05-23 13:38:31,837 INFO     ___FILE_ONLY___ ═
2025-05-23 13:38:31,849 INFO     ___FILE_ONLY___ ═
2025-05-23 13:38:31,860 INFO     ___FILE_ONLY___ ═
2025-05-23 13:38:31,872 INFO     ___FILE_ONLY___ ═
2025-05-23 13:38:31,883 INFO     ___FILE_ONLY___ ═
2025-05-23 13:38:31,893 INFO     ___FILE_ONLY___ ═
2025-05-23 13:38:31,903 INFO     ___FILE_ONLY___ ═
2025-05-23 13:38:31,913 INFO     ___FILE_ONLY___ ═
2025-05-23 13:38:31,925 INFO     ___FILE_ONLY___ ═
2025-05-23 13:38:31,938 INFO     ___FILE_ONLY___ ═
2025-05-23 13:38:31,952 INFO     ___FILE_ONLY___ ═
2025-05-23 13:38:31,966 INFO     ___FILE_ONLY___ ═
2025-05-23 13:38:31,980 INFO     ___FILE_ONLY___ ═
2025-05-23 13:38:31,994 INFO     ___FILE_ONLY___ ═
2025-05-23 13:38:32,006 INFO     ___FILE_ONLY___ ═
2025-05-23 13:38:32,021 INFO     ___FILE_ONLY___ ═
2025-05-23 13:38:32,038 INFO     ___FILE_ONLY___ ═
2025-05-23 13:38:32,060 INFO     ___FILE_ONLY___ ═
2025-05-23 13:38:32,077 INFO     ___FILE_ONLY___ ═
2025-05-23 13:38:32,096 INFO     ___FILE_ONLY___ ═
2025-05-23 13:38:32,096 INFO     ___FILE_ONLY___ ╝

2025-05-23 13:38:32,127 INFO     ___FILE_ONLY___ ╔════════════════════════════════════════════════════════════╗

2025-05-23 13:38:32,127 INFO     ___FILE_ONLY___ ╠═ Installing: Cloud Storage Command Line Tool (Platform... ═╣

2025-05-23 13:38:32,127 INFO     ___FILE_ONLY___ ╚
2025-05-23 13:38:32,128 INFO     ___FILE_ONLY___ ════════════════════════════════════════════════════════════
2025-05-23 13:38:32,128 INFO     ___FILE_ONLY___ ╝

2025-05-23 13:38:32,133 INFO     ___FILE_ONLY___ ╔════════════════════════════════════════════════════════════╗

2025-05-23 13:38:32,133 INFO     ___FILE_ONLY___ ╠═ Installing: Default set of gcloud commands               ═╣

2025-05-23 13:38:32,133 INFO     ___FILE_ONLY___ ╚
2025-05-23 13:38:32,136 INFO     ___FILE_ONLY___ ════════════════════════════════════════════════════════════
2025-05-23 13:38:32,136 INFO     ___FILE_ONLY___ ╝

2025-05-23 13:38:32,137 INFO     ___FILE_ONLY___ ╔════════════════════════════════════════════════════════════╗

2025-05-23 13:38:32,138 INFO     ___FILE_ONLY___ ╠═ Installing: Google Cloud CLI Core Libraries (Platform... ═╣

2025-05-23 13:38:32,138 INFO     ___FILE_ONLY___ ╚
2025-05-23 13:38:32,139 INFO     ___FILE_ONLY___ ══════════════════════════════
2025-05-23 13:38:32,139 INFO     ___FILE_ONLY___ ══════════════════════════════
2025-05-23 13:38:32,139 INFO     ___FILE_ONLY___ ╝

2025-05-23 13:38:32,143 INFO     ___FILE_ONLY___ ╔════════════════════════════════════════════════════════════╗

2025-05-23 13:38:32,143 INFO     ___FILE_ONLY___ ╠═ Installing: Google Cloud CRC32C Hash Tool                ═╣

2025-05-23 13:38:32,143 INFO     ___FILE_ONLY___ ╚
2025-05-23 13:38:32,146 INFO     ___FILE_ONLY___ ════════════════════════════════════════════════════════════
2025-05-23 13:38:32,146 INFO     ___FILE_ONLY___ ╝

2025-05-23 13:38:32,148 INFO     ___FILE_ONLY___ ╔════════════════════════════════════════════════════════════╗

2025-05-23 13:38:32,148 INFO     ___FILE_ONLY___ ╠═ Installing: Google Cloud CRC32C Hash Tool (Platform S... ═╣

2025-05-23 13:38:32,148 INFO     ___FILE_ONLY___ ╚
2025-05-23 13:38:32,186 INFO     ___FILE_ONLY___ ══════════════════════════════
2025-05-23 13:38:32,187 INFO     ___FILE_ONLY___ ══════════════════════════════
2025-05-23 13:38:32,187 INFO     ___FILE_ONLY___ ╝

2025-05-23 13:38:32,192 INFO     ___FILE_ONLY___ ╔════════════════════════════════════════════════════════════╗

2025-05-23 13:38:32,192 INFO     ___FILE_ONLY___ ╠═ Installing: gcloud cli dependencies (Platform Specific)  ═╣

2025-05-23 13:38:32,192 INFO     ___FILE_ONLY___ ╚
2025-05-23 13:38:32,193 INFO     ___FILE_ONLY___ ════════════════════════════════════════════════════════════
2025-05-23 13:38:32,193 INFO     ___FILE_ONLY___ ╝

2025-05-23 13:38:32,198 DEBUG    root            Updating notification cache...
2025-05-23 13:38:32,198 INFO     ___FILE_ONLY___ 

2025-05-23 13:38:32,200 INFO     ___FILE_ONLY___ Performing post processing steps...
2025-05-23 13:38:32,200 DEBUG    root            Executing command: ['/tools/google-cloud-sdk/bin/gcloud', 'components', 'post-process']
2025-05-23 13:38:40,146 DEBUG    ___FILE_ONLY___ 
2025-05-23 13:38:40,146 DEBUG    ___FILE_ONLY___ 
2025-05-23 13:38:40,232 INFO     root            descriptor_list: [{'universeDomain': 'googleapis.com', 'universeShortName': '', 'authenticationDomain': 'auth.cloud.google.com', 'projectPrefix': '', 'cloudWebDomain': 'cloud.google.com', 'documentationDomain': 'cloud.google.com', 'version': '1.0.0', 'state': 'primary', 'artifactRegistryDomain': 'pkg.dev'}]
2025-05-23 13:38:40,232 INFO     ___FILE_ONLY___ 
Update done!


2025-05-23 13:38:40,236 DEBUG    root            Chosen display Format:none
2025-05-23 13:38:40,236 INFO     root            Display format: "none"
